This is pdfTeX, Version 3.14159265-2.6-1.40.19 (TeX Live 2018) (preloaded format=pdflatex 2019.4.8)  15 JUN 2020 15:23
entering extended mode
 restricted \write18 enabled.
 %&-line parsing enabled.
**docs.tex
(./docs.tex
LaTeX2e <2018-04-01> patch level 2
Babel <3.18> and hyphenation patterns for 84 language(s) loaded.
(/usr/local/texlive/2018/texmf-dist/tex/latex/base/report.cls
Document Class: report 2014/09/29 v1.4h Standard LaTeX document class
(/usr/local/texlive/2018/texmf-dist/tex/latex/base/size11.clo
File: size11.clo 2014/09/29 v1.4h Standard LaTeX file (size option)
)
\c@part=\count80
\c@chapter=\count81
\c@section=\count82
\c@subsection=\count83
\c@subsubsection=\count84
\c@paragraph=\count85
\c@subparagraph=\count86
\c@figure=\count87
\c@table=\count88
\abovecaptionskip=\skip41
\belowcaptionskip=\skip42
\bibindent=\dimen102
)
(/usr/local/texlive/2018/texmf-dist/tex/latex/graphics/color.sty
Package: color 2016/07/10 v1.1e Standard LaTeX Color (DPC)

(/usr/local/texlive/2018/texmf-dist/tex/latex/graphics-cfg/color.cfg
File: color.cfg 2016/01/02 v1.6 sample color configuration
)
Package color Info: Driver file: pdftex.def on input line 147.

(/usr/local/texlive/2018/texmf-dist/tex/latex/graphics-def/pdftex.def
File: pdftex.def 2018/01/08 v1.0l Graphics/color driver for pdftex
))
(/usr/local/texlive/2018/texmf-dist/tex/latex/base/ifthen.sty
Package: ifthen 2014/09/29 v1.1c Standard LaTeX ifthen package (DPC)
)
(/usr/local/texlive/2018/texmf-dist/tex/latex/base/makeidx.sty
Package: makeidx 2014/09/29 v1.0m Standard LaTeX package
)
(/usr/local/texlive/2018/texmf-dist/tex/generic/oberdiek/ifpdf.sty
Package: ifpdf 2017/03/15 v3.2 Provides the ifpdf switch
)
(/usr/local/texlive/2018/texmf-dist/tex/latex/preprint/fullpage.sty
Package: fullpage 1999/02/23 1.1 (PWD)
\FP@margin=\skip43
)
(/usr/local/texlive/2018/texmf-dist/tex/latex/listings/listings.sty
(/usr/local/texlive/2018/texmf-dist/tex/latex/graphics/keyval.sty
Package: keyval 2014/10/28 v1.15 key=value parser (DPC)
\KV@toks@=\toks14
)
\lst@mode=\count89
\lst@gtempboxa=\box26
\lst@token=\toks15
\lst@length=\count90
\lst@currlwidth=\dimen103
\lst@column=\count91
\lst@pos=\count92
\lst@lostspace=\dimen104
\lst@width=\dimen105
\lst@newlines=\count93
\lst@lineno=\count94
\lst@maxwidth=\dimen106

(/usr/local/texlive/2018/texmf-dist/tex/latex/listings/lstmisc.sty
File: lstmisc.sty 2015/06/04 1.6 (Carsten Heinz)
\c@lstnumber=\count95
\lst@skipnumbers=\count96
\lst@framebox=\box27
)
(/usr/local/texlive/2018/texmf-dist/tex/latex/listings/listings.cfg
File: listings.cfg 2015/06/04 1.6 listings configuration
))
Package: listings 2015/06/04 1.6 (Carsten Heinz)

(/usr/local/texlive/2018/texmf-dist/tex/latex/listings/lstlang1.sty
File: lstlang1.sty 2015/06/04 1.6 listings language file
)
(/usr/local/texlive/2018/texmf-dist/tex/latex/hyperref/hyperref.sty
Package: hyperref 2018/02/06 v6.86b Hypertext links for LaTeX

(/usr/local/texlive/2018/texmf-dist/tex/generic/oberdiek/hobsub-hyperref.sty
Package: hobsub-hyperref 2016/05/16 v1.14 Bundle oberdiek, subset hyperref (HO)


(/usr/local/texlive/2018/texmf-dist/tex/generic/oberdiek/hobsub-generic.sty
Package: hobsub-generic 2016/05/16 v1.14 Bundle oberdiek, subset generic (HO)
Package: hobsub 2016/05/16 v1.14 Construct package bundles (HO)
Package: infwarerr 2016/05/16 v1.4 Providing info/warning/error messages (HO)
Package: ltxcmds 2016/05/16 v1.23 LaTeX kernel commands for general use (HO)
Package: ifluatex 2016/05/16 v1.4 Provides the ifluatex switch (HO)
Package ifluatex Info: LuaTeX not detected.
Package: ifvtex 2016/05/16 v1.6 Detect VTeX and its facilities (HO)
Package ifvtex Info: VTeX not detected.
Package: intcalc 2016/05/16 v1.2 Expandable calculations with integers (HO)
Package hobsub Info: Skipping package `ifpdf' (already loaded).
Package: etexcmds 2016/05/16 v1.6 Avoid name clashes with e-TeX commands (HO)
Package etexcmds Info: Could not find \expanded.
(etexcmds)             That can mean that you are not using pdfTeX 1.50 or
(etexcmds)             that some package has redefined \expanded.
(etexcmds)             In the latter case, load this package earlier.
Package: kvsetkeys 2016/05/16 v1.17 Key value parser (HO)
Package: kvdefinekeys 2016/05/16 v1.4 Define keys (HO)
Package: pdftexcmds 2018/01/30 v0.27 Utility functions of pdfTeX for LuaTeX (HO
)
Package pdftexcmds Info: LuaTeX not detected.
Package pdftexcmds Info: \pdf@primitive is available.
Package pdftexcmds Info: \pdf@ifprimitive is available.
Package pdftexcmds Info: \pdfdraftmode found.
Package: pdfescape 2016/05/16 v1.14 Implements pdfTeX's escape features (HO)
Package: bigintcalc 2016/05/16 v1.4 Expandable calculations on big integers (HO
)
Package: bitset 2016/05/16 v1.2 Handle bit-vector datatype (HO)
Package: uniquecounter 2016/05/16 v1.3 Provide unlimited unique counter (HO)
)
Package hobsub Info: Skipping package `hobsub' (already loaded).
Package: letltxmacro 2016/05/16 v1.5 Let assignment for LaTeX macros (HO)
Package: hopatch 2016/05/16 v1.3 Wrapper for package hooks (HO)
Package: xcolor-patch 2016/05/16 xcolor patch
Package: atveryend 2016/05/16 v1.9 Hooks at the very end of document (HO)
Package atveryend Info: \enddocument detected (standard20110627).
Package: atbegshi 2016/06/09 v1.18 At begin shipout hook (HO)
Package: refcount 2016/05/16 v3.5 Data extraction from label references (HO)
Package: hycolor 2016/05/16 v1.8 Color options for hyperref/bookmark (HO)
)
(/usr/local/texlive/2018/texmf-dist/tex/generic/ifxetex/ifxetex.sty
Package: ifxetex 2010/09/12 v0.6 Provides ifxetex conditional
)
(/usr/local/texlive/2018/texmf-dist/tex/latex/oberdiek/auxhook.sty
Package: auxhook 2016/05/16 v1.4 Hooks for auxiliary files (HO)
)
(/usr/local/texlive/2018/texmf-dist/tex/latex/oberdiek/kvoptions.sty
Package: kvoptions 2016/05/16 v3.12 Key value format for package options (HO)
)
\@linkdim=\dimen107
\Hy@linkcounter=\count97
\Hy@pagecounter=\count98

(/usr/local/texlive/2018/texmf-dist/tex/latex/hyperref/pd1enc.def
File: pd1enc.def 2018/02/06 v6.86b Hyperref: PDFDocEncoding definition (HO)
Now handling font encoding PD1 ...
... no UTF-8 mapping file for font encoding PD1
)
\Hy@SavedSpaceFactor=\count99

(/usr/local/texlive/2018/texmf-dist/tex/latex/latexconfig/hyperref.cfg
File: hyperref.cfg 2002/06/06 v1.2 hyperref configuration of TeXLive
)
Package hyperref Info: Option `bookmarks' set `true' on input line 4383.
Package hyperref Info: Option `colorlinks' set `true' on input line 4383.
Package hyperref Info: Option `plainpages' set `false' on input line 4383.
Package hyperref Info: Option `pdfpagelabels' set `true' on input line 4383.
Package hyperref Info: Option `breaklinks' set `true' on input line 4383.
Package hyperref Info: Hyper figures OFF on input line 4509.
Package hyperref Info: Link nesting OFF on input line 4514.
Package hyperref Info: Hyper index ON on input line 4517.
Package hyperref Info: Plain pages OFF on input line 4524.
Package hyperref Info: Backreferencing OFF on input line 4529.
Package hyperref Info: Implicit mode ON; LaTeX internals redefined.
Package hyperref Info: Bookmarks ON on input line 4762.
\c@Hy@tempcnt=\count100

(/usr/local/texlive/2018/texmf-dist/tex/latex/url/url.sty
\Urlmuskip=\muskip10
Package: url 2013/09/16  ver 3.4  Verb mode for urls, etc.
)
LaTeX Info: Redefining \url on input line 5115.
\XeTeXLinkMargin=\dimen108
\Fld@menulength=\count101
\Field@Width=\dimen109
\Fld@charsize=\dimen110
Package hyperref Info: Hyper figures OFF on input line 6369.
Package hyperref Info: Link nesting OFF on input line 6374.
Package hyperref Info: Hyper index ON on input line 6377.
Package hyperref Info: backreferencing OFF on input line 6384.
Package hyperref Info: Link coloring ON on input line 6387.
Package hyperref Info: Link coloring with OCG OFF on input line 6394.
Package hyperref Info: PDF/A mode OFF on input line 6399.
LaTeX Info: Redefining \ref on input line 6439.
LaTeX Info: Redefining \pageref on input line 6443.
\Hy@abspage=\count102
\c@Item=\count103
\c@Hfootnote=\count104
)
Package hyperref Info: Driver: hpdftex.

(/usr/local/texlive/2018/texmf-dist/tex/latex/hyperref/hpdftex.def
File: hpdftex.def 2018/02/06 v6.86b Hyperref driver for pdfTeX
\Fld@listcount=\count105
\c@bookmark@seq@number=\count106

(/usr/local/texlive/2018/texmf-dist/tex/latex/oberdiek/rerunfilecheck.sty
Package: rerunfilecheck 2016/05/16 v1.8 Rerun checks for auxiliary files (HO)
Package uniquecounter Info: New unique counter `rerunfilecheck' on input line 2
82.
)
\Hy@SectionHShift=\skip44
)
(/usr/local/texlive/2018/texmf-dist/tex/latex/graphics/graphicx.sty
Package: graphicx 2017/06/01 v1.1a Enhanced LaTeX Graphics (DPC,SPQR)

(/usr/local/texlive/2018/texmf-dist/tex/latex/graphics/graphics.sty
Package: graphics 2017/06/25 v1.2c Standard LaTeX Graphics (DPC,SPQR)

(/usr/local/texlive/2018/texmf-dist/tex/latex/graphics/trig.sty
Package: trig 2016/01/03 v1.10 sin cos tan (DPC)
)
(/usr/local/texlive/2018/texmf-dist/tex/latex/graphics-cfg/graphics.cfg
File: graphics.cfg 2016/06/04 v1.11 sample graphics configuration
)
Package graphics Info: Driver file: pdftex.def on input line 99.
)
\Gin@req@height=\dimen111
\Gin@req@width=\dimen112
)
\@indexfile=\write3
\openout3 = `docs.idx'.


Writing index file docs.idx
(./docs.aux)
\openout1 = `docs.aux'.

LaTeX Font Info:    Checking defaults for OML/cmm/m/it on input line 41.
LaTeX Font Info:    ... okay on input line 41.
LaTeX Font Info:    Checking defaults for T1/cmr/m/n on input line 41.
LaTeX Font Info:    ... okay on input line 41.
LaTeX Font Info:    Checking defaults for OT1/cmr/m/n on input line 41.
LaTeX Font Info:    ... okay on input line 41.
LaTeX Font Info:    Checking defaults for OMS/cmsy/m/n on input line 41.
LaTeX Font Info:    ... okay on input line 41.
LaTeX Font Info:    Checking defaults for OMX/cmex/m/n on input line 41.
LaTeX Font Info:    ... okay on input line 41.
LaTeX Font Info:    Checking defaults for U/cmr/m/n on input line 41.
LaTeX Font Info:    ... okay on input line 41.
LaTeX Font Info:    Checking defaults for PD1/pdf/m/n on input line 41.
LaTeX Font Info:    ... okay on input line 41.

(/usr/local/texlive/2018/texmf-dist/tex/context/base/mkii/supp-pdf.mkii
[Loading MPS to PDF converter (version 2006.09.02).]
\scratchcounter=\count107
\scratchdimen=\dimen113
\scratchbox=\box28
\nofMPsegments=\count108
\nofMParguments=\count109
\everyMPshowfont=\toks16
\MPscratchCnt=\count110
\MPscratchDim=\dimen114
\MPnumerator=\count111
\makeMPintoPDFobject=\count112
\everyMPtoPDFconversion=\toks17
) (/usr/local/texlive/2018/texmf-dist/tex/latex/oberdiek/epstopdf-base.sty
Package: epstopdf-base 2016/05/15 v2.6 Base part for package epstopdf

(/usr/local/texlive/2018/texmf-dist/tex/latex/oberdiek/grfext.sty
Package: grfext 2016/05/16 v1.2 Manage graphics extensions (HO)
)
Package epstopdf-base Info: Redefining graphics rule for `.eps' on input line 4
38.
Package grfext Info: Graphics extension search list:
(grfext)             [.pdf,.png,.jpg,.mps,.jpeg,.jbig2,.jb2,.PDF,.PNG,.JPG,.JPE
G,.JBIG2,.JB2,.eps]
(grfext)             \AppendGraphicsExtensions on input line 456.

(/usr/local/texlive/2018/texmf-dist/tex/latex/latexconfig/epstopdf-sys.cfg
File: epstopdf-sys.cfg 2010/07/13 v1.3 Configuration of (r)epstopdf for TeX Liv
e
))
\c@lstlisting=\count113
\AtBeginShipoutBox=\box29
Package hyperref Info: Link coloring ON on input line 41.

(/usr/local/texlive/2018/texmf-dist/tex/latex/hyperref/nameref.sty
Package: nameref 2016/05/21 v2.44 Cross-referencing by name of section

(/usr/local/texlive/2018/texmf-dist/tex/generic/oberdiek/gettitlestring.sty
Package: gettitlestring 2016/05/16 v1.5 Cleanup title references (HO)
)
\c@section@level=\count114
)
LaTeX Info: Redefining \ref on input line 41.
LaTeX Info: Redefining \pageref on input line 41.
LaTeX Info: Redefining \nameref on input line 41.

(./docs.out) (./docs.out)
\@outlinefile=\write4
\openout4 = `docs.out'.

 (./docs.toc
LaTeX Font Info:    External font `cmex10' loaded for size
(Font)              <10.95> on input line 3.
LaTeX Font Info:    External font `cmex10' loaded for size
(Font)              <8> on input line 3.
LaTeX Font Info:    External font `cmex10' loaded for size
(Font)              <6> on input line 3.
 [1


{/usr/local/texlive/2018/texmf-var/fonts/map/pdftex/updmap/pdftex.map}])
\tf@toc=\write5
\openout5 = `docs.toc'.

 [2]
Chapter 1.

Overfull \hbox (17.0pt too wide) in paragraph at lines 50--51
[][] 
 []


Underfull \hbox (badness 2884) in paragraph at lines 55--55
\OT1/cmr/m/n/10.95 Allows one to call a thread with a given time-out. Im-ple-me
n-ta-tion taken from:
 []

LaTeX Font Info:    Try loading font information for OMS+cmr on input line 74.
(/usr/local/texlive/2018/texmf-dist/tex/latex/base/omscmr.fd
File: omscmr.fd 2014/09/29 v2.5h Standard LaTeX font definitions
)
LaTeX Font Info:    Font shape `OMS/cmr/m/n' in size <10.95> not available
(Font)              Font shape `OMS/cmsy/m/n' tried instead on input line 74.

Underfull \hbox (badness 10000) in paragraph at lines 76--77

 []


Underfull \hbox (badness 10000) in paragraph at lines 87--88

 []

[3

]
Underfull \hbox (badness 10000) in paragraph at lines 100--101

 []

[4]
Chapter 2.

Overfull \hbox (17.0pt too wide) in paragraph at lines 136--137
[][] 
 []


Overfull \hbox (17.0pt too wide) in paragraph at lines 139--143
[][]
 []

LaTeX Font Info:    External font `cmex10' loaded for size
(Font)              <7> on input line 152.
LaTeX Font Info:    External font `cmex10' loaded for size
(Font)              <5> on input line 152.
[5

]
Underfull \hbox (badness 10000) in paragraph at lines 164--165

 []


Underfull \hbox (badness 10000) in paragraph at lines 210--211

 []


Underfull \hbox (badness 10000) in paragraph at lines 228--229

 []

[6]
Underfull \hbox (badness 10000) in paragraph at lines 276--277

 []


Underfull \hbox (badness 10000) in paragraph at lines 287--288

 []

[7]
Underfull \hbox (badness 10000) in paragraph at lines 310--311

 []


Underfull \hbox (badness 10000) in paragraph at lines 339--340

 []

[8]
Underfull \hbox (badness 10000) in paragraph at lines 402--403

 []


Underfull \hbox (badness 10000) in paragraph at lines 427--428

 []

[9]
Underfull \hbox (badness 10000) in paragraph at lines 485--486

 []


Underfull \hbox (badness 10000) in paragraph at lines 510--511

 []

[10]
Chapter 3.

Overfull \hbox (17.0pt too wide) in paragraph at lines 530--532
[][]
 []

[11

]
Underfull \hbox (badness 10000) in paragraph at lines 579--580

 []


Underfull \hbox (badness 10000) in paragraph at lines 602--603

 []


Underfull \hbox (badness 10000) in paragraph at lines 618--619

 []

[12] [13]
Underfull \hbox (badness 10000) in paragraph at lines 734--735

 []


Underfull \hbox (badness 10000) in paragraph at lines 747--748

 []


Underfull \hbox (badness 10000) in paragraph at lines 778--779

 []

[14]
Underfull \hbox (badness 10000) in paragraph at lines 794--795

 []


Underfull \hbox (badness 10000) in paragraph at lines 810--811

 []


Underfull \hbox (badness 10000) in paragraph at lines 826--827

 []


Underfull \hbox (badness 10000) in paragraph at lines 842--843

 []


Underfull \hbox (badness 10000) in paragraph at lines 858--859

 []

[15]
Underfull \hbox (badness 10000) in paragraph at lines 874--875

 []


Underfull \hbox (badness 10000) in paragraph at lines 890--891

 []


Underfull \hbox (badness 10000) in paragraph at lines 906--907

 []


Underfull \hbox (badness 10000) in paragraph at lines 929--930

 []

[16]
Underfull \hbox (badness 10000) in paragraph at lines 952--953

 []


Underfull \hbox (badness 10000) in paragraph at lines 968--969

 []


Underfull \hbox (badness 10000) in paragraph at lines 991--992

 []


Underfull \hbox (badness 10000) in paragraph at lines 1007--1008

 []

[17]
Underfull \hbox (badness 10000) in paragraph at lines 1030--1031

 []


Underfull \hbox (badness 10000) in paragraph at lines 1046--1047

 []


Underfull \hbox (badness 10000) in paragraph at lines 1069--1070

 []


Underfull \hbox (badness 10000) in paragraph at lines 1085--1086

 []


Underfull \hbox (badness 10000) in paragraph at lines 1101--1102

 []

[18]
Underfull \hbox (badness 10000) in paragraph at lines 1117--1118

 []


Underfull \hbox (badness 10000) in paragraph at lines 1139--1140

 []


Underfull \hbox (badness 10000) in paragraph at lines 1155--1156

 []


Underfull \hbox (badness 10000) in paragraph at lines 1171--1172

 []


Underfull \hbox (badness 10000) in paragraph at lines 1187--1188

 []

[19]
Underfull \hbox (badness 10000) in paragraph at lines 1203--1204

 []


Underfull \hbox (badness 10000) in paragraph at lines 1223--1224

 []


Underfull \hbox (badness 10000) in paragraph at lines 1239--1240

 []


Underfull \hbox (badness 10000) in paragraph at lines 1255--1256

 []


Underfull \hbox (badness 10000) in paragraph at lines 1275--1276

 []

[20]
Underfull \hbox (badness 10000) in paragraph at lines 1288--1289

 []


Underfull \hbox (badness 10000) in paragraph at lines 1308--1309

 []


Underfull \hbox (badness 10000) in paragraph at lines 1324--1325

 []


Underfull \hbox (badness 10000) in paragraph at lines 1340--1341

 []

[21]
Underfull \hbox (badness 10000) in paragraph at lines 1356--1357

 []


Underfull \hbox (badness 10000) in paragraph at lines 1372--1373

 []

[22]
Chapter 4.

Overfull \hbox (17.0pt too wide) in paragraph at lines 1395--1397
[][]
 []

[23

]
Underfull \hbox (badness 10000) in paragraph at lines 1447--1448

 []


Underfull \hbox (badness 10000) in paragraph at lines 1458--1459

 []

[24]
Underfull \hbox (badness 10000) in paragraph at lines 1520--1521

 []


Underfull \hbox (badness 10000) in paragraph at lines 1531--1532

 []

No file docs.ind.
Package atveryend Info: Empty hook `BeforeClearDocument' on input line 1547.
[25]
Package atveryend Info: Empty hook `AfterLastShipout' on input line 1547.
 (./docs.aux)
Package atveryend Info: Executing hook `AtVeryEndDocument' on input line 1547.
Package atveryend Info: Executing hook `AtEndAfterFileList' on input line 1547.

Package rerunfilecheck Info: File `docs.out' has not changed.
(rerunfilecheck)             Checksum: F1895E68556742E298C87C7B9FB95B59;4893.


LaTeX Warning: Label(s) may have changed. Rerun to get cross-references right.

Package atveryend Info: Empty hook `AtVeryVeryEnd' on input line 1547.
 )
(\end occurred inside a group at level 10)

### simple group (level 10) entered at line 1399 ({)
### simple group (level 9) entered at line 1390 ({)
### simple group (level 8) entered at line 534 ({)
### simple group (level 7) entered at line 525 ({)
### simple group (level 6) entered at line 363 ({)
### simple group (level 5) entered at line 252 ({)
### simple group (level 4) entered at line 188 ({)
### simple group (level 3) entered at line 145 ({)
### simple group (level 2) entered at line 131 ({)
### simple group (level 1) entered at line 45 ({)
### bottom level 
Here is how much of TeX's memory you used:
 7239 strings out of 492649
 105467 string characters out of 6129623
 208427 words of memory out of 5000000
 10824 multiletter control sequences out of 15000+600000
 9976 words of font info for 35 fonts, out of 8000000 for 9000
 1141 hyphenation exceptions out of 8191
 28i,6n,40p,284b,2068s stack positions out of 5000i,500n,10000p,200000b,80000s
</usr/local/texlive/2018/texmf-dist/fonts/type1/public/amsfonts
/cm/cmbx10.pfb></usr/local/texlive/2018/texmf-dist/fonts/type1/public/amsfonts/
cm/cmbx12.pfb></usr/local/texlive/2018/texmf-dist/fonts/type1/public/amsfonts/c
m/cmr10.pfb></usr/local/texlive/2018/texmf-dist/fonts/type1/public/amsfonts/cm/
cmsl10.pfb></usr/local/texlive/2018/texmf-dist/fonts/type1/public/amsfonts/cm/c
msy10.pfb></usr/local/texlive/2018/texmf-dist/fonts/type1/public/amsfonts/cm/cm
ti10.pfb></usr/local/texlive/2018/texmf-dist/fonts/type1/public/amsfonts/cm/cmt
t10.pfb>
Output written on docs.pdf (25 pages, 150736 bytes).
PDF statistics:
 733 PDF objects out of 1000 (max. 8388607)
 692 compressed objects within 7 object streams
 246 named destinations out of 1000 (max. 500000)
 593 words of extra memory for PDF output out of 10000 (max. 10000000)

