\BOOKMARK [0][-]{chapter.1}{Package ThreadingUtils}{}% 1
\BOOKMARK [1][-]{section.1.1}{Class TimeLimitedCodeBlock}{chapter.1}% 2
\BOOKMARK [2][-]{subsection.1.1.1}{Declaration}{section.1.1}% 3
\BOOKMARK [2][-]{subsection.1.1.2}{Constructor summary}{section.1.1}% 4
\BOOKMARK [2][-]{subsection.1.1.3}{Method summary}{section.1.1}% 5
\BOOKMARK [2][-]{subsection.1.1.4}{Constructors}{section.1.1}% 6
\BOOKMARK [2][-]{subsection.1.1.5}{Methods}{section.1.1}% 7
\BOOKMARK [0][-]{chapter.2}{Package engines}{}% 8
\BOOKMARK [1][-]{section.2.1}{Interface GameEngine}{chapter.2}% 9
\BOOKMARK [2][-]{subsection.2.1.1}{Declaration}{section.2.1}% 10
\BOOKMARK [2][-]{subsection.2.1.2}{All known subinterfaces}{section.2.1}% 11
\BOOKMARK [2][-]{subsection.2.1.3}{All classes known to implement interface}{section.2.1}% 12
\BOOKMARK [2][-]{subsection.2.1.4}{Method summary}{section.2.1}% 13
\BOOKMARK [2][-]{subsection.2.1.5}{Methods}{section.2.1}% 14
\BOOKMARK [1][-]{section.2.2}{Class RandomEngine}{chapter.2}% 15
\BOOKMARK [2][-]{subsection.2.2.1}{Declaration}{section.2.2}% 16
\BOOKMARK [2][-]{subsection.2.2.2}{Constructor summary}{section.2.2}% 17
\BOOKMARK [2][-]{subsection.2.2.3}{Method summary}{section.2.2}% 18
\BOOKMARK [2][-]{subsection.2.2.4}{Constructors}{section.2.2}% 19
\BOOKMARK [2][-]{subsection.2.2.5}{Methods}{section.2.2}% 20
\BOOKMARK [1][-]{section.2.3}{Class Team11Engine}{chapter.2}% 21
\BOOKMARK [2][-]{subsection.2.3.1}{Declaration}{section.2.3}% 22
\BOOKMARK [2][-]{subsection.2.3.2}{Constructor summary}{section.2.3}% 23
\BOOKMARK [2][-]{subsection.2.3.3}{Method summary}{section.2.3}% 24
\BOOKMARK [2][-]{subsection.2.3.4}{Constructors}{section.2.3}% 25
\BOOKMARK [2][-]{subsection.2.3.5}{Methods}{section.2.3}% 26
\BOOKMARK [1][-]{section.2.4}{Class ThreadedRandomEngine}{chapter.2}% 27
\BOOKMARK [2][-]{subsection.2.4.1}{Declaration}{section.2.4}% 28
\BOOKMARK [2][-]{subsection.2.4.2}{Field summary}{section.2.4}% 29
\BOOKMARK [2][-]{subsection.2.4.3}{Constructor summary}{section.2.4}% 30
\BOOKMARK [2][-]{subsection.2.4.4}{Method summary}{section.2.4}% 31
\BOOKMARK [2][-]{subsection.2.4.5}{Fields}{section.2.4}% 32
\BOOKMARK [2][-]{subsection.2.4.6}{Constructors}{section.2.4}% 33
\BOOKMARK [2][-]{subsection.2.4.7}{Methods}{section.2.4}% 34
\BOOKMARK [1][-]{section.2.5}{Class ThreadedTeam11Engine}{chapter.2}% 35
\BOOKMARK [2][-]{subsection.2.5.1}{Declaration}{section.2.5}% 36
\BOOKMARK [2][-]{subsection.2.5.2}{Field summary}{section.2.5}% 37
\BOOKMARK [2][-]{subsection.2.5.3}{Constructor summary}{section.2.5}% 38
\BOOKMARK [2][-]{subsection.2.5.4}{Method summary}{section.2.5}% 39
\BOOKMARK [2][-]{subsection.2.5.5}{Fields}{section.2.5}% 40
\BOOKMARK [2][-]{subsection.2.5.6}{Constructors}{section.2.5}% 41
\BOOKMARK [2][-]{subsection.2.5.7}{Methods}{section.2.5}% 42
\BOOKMARK [0][-]{chapter.3}{Package model}{}% 43
\BOOKMARK [1][-]{section.3.1}{Class LaskerMorrisBoard}{chapter.3}% 44
\BOOKMARK [2][-]{subsection.3.1.1}{Declaration}{section.3.1}% 45
\BOOKMARK [2][-]{subsection.3.1.2}{Field summary}{section.3.1}% 46
\BOOKMARK [2][-]{subsection.3.1.3}{Method summary}{section.3.1}% 47
\BOOKMARK [2][-]{subsection.3.1.4}{Fields}{section.3.1}% 48
\BOOKMARK [2][-]{subsection.3.1.5}{Methods}{section.3.1}% 49
\BOOKMARK [1][-]{section.3.2}{Class LaskerMorrisGameState}{chapter.3}% 50
\BOOKMARK [2][-]{subsection.3.2.1}{Declaration}{section.3.2}% 51
\BOOKMARK [2][-]{subsection.3.2.2}{Field summary}{section.3.2}% 52
\BOOKMARK [2][-]{subsection.3.2.3}{Constructor summary}{section.3.2}% 53
\BOOKMARK [2][-]{subsection.3.2.4}{Method summary}{section.3.2}% 54
\BOOKMARK [2][-]{subsection.3.2.5}{Fields}{section.3.2}% 55
\BOOKMARK [2][-]{subsection.3.2.6}{Constructors}{section.3.2}% 56
\BOOKMARK [2][-]{subsection.3.2.7}{Methods}{section.3.2}% 57
\BOOKMARK [0][-]{chapter.4}{Package runners}{}% 58
\BOOKMARK [1][-]{section.4.1}{Class RandomGameWithTimeout}{chapter.4}% 59
\BOOKMARK [2][-]{subsection.4.1.1}{Declaration}{section.4.1}% 60
\BOOKMARK [2][-]{subsection.4.1.2}{Field summary}{section.4.1}% 61
\BOOKMARK [2][-]{subsection.4.1.3}{Constructor summary}{section.4.1}% 62
\BOOKMARK [2][-]{subsection.4.1.4}{Method summary}{section.4.1}% 63
\BOOKMARK [2][-]{subsection.4.1.5}{Fields}{section.4.1}% 64
\BOOKMARK [2][-]{subsection.4.1.6}{Constructors}{section.4.1}% 65
\BOOKMARK [2][-]{subsection.4.1.7}{Methods}{section.4.1}% 66
\BOOKMARK [1][-]{section.4.2}{Class Team11GameWithTimeout}{chapter.4}% 67
\BOOKMARK [2][-]{subsection.4.2.1}{Declaration}{section.4.2}% 68
\BOOKMARK [2][-]{subsection.4.2.2}{Field summary}{section.4.2}% 69
\BOOKMARK [2][-]{subsection.4.2.3}{Constructor summary}{section.4.2}% 70
\BOOKMARK [2][-]{subsection.4.2.4}{Method summary}{section.4.2}% 71
\BOOKMARK [2][-]{subsection.4.2.5}{Fields}{section.4.2}% 72
\BOOKMARK [2][-]{subsection.4.2.6}{Constructors}{section.4.2}% 73
\BOOKMARK [2][-]{subsection.4.2.7}{Methods}{section.4.2}% 74
