\BOOKMARK [0][-]{chapter.1}{Package ga}{}% 1
\BOOKMARK [1][-]{section.1.1}{Class GranDTFitnessFunction}{chapter.1}% 2
\BOOKMARK [2][-]{subsection.1.1.1}{Declaration}{section.1.1}% 3
\BOOKMARK [2][-]{subsection.1.1.2}{Constructor summary}{section.1.1}% 4
\BOOKMARK [2][-]{subsection.1.1.3}{Method summary}{section.1.1}% 5
\BOOKMARK [2][-]{subsection.1.1.4}{Constructors}{section.1.1}% 6
\BOOKMARK [2][-]{subsection.1.1.5}{Methods}{section.1.1}% 7
\BOOKMARK [1][-]{section.1.2}{Class TeamGenerator}{chapter.1}% 8
\BOOKMARK [2][-]{subsection.1.2.1}{Declaration}{section.1.2}% 9
\BOOKMARK [2][-]{subsection.1.2.2}{Constructor summary}{section.1.2}% 10
\BOOKMARK [2][-]{subsection.1.2.3}{Method summary}{section.1.2}% 11
\BOOKMARK [2][-]{subsection.1.2.4}{Constructors}{section.1.2}% 12
\BOOKMARK [2][-]{subsection.1.2.5}{Methods}{section.1.2}% 13
\BOOKMARK [0][-]{chapter.2}{Package model}{}% 14
\BOOKMARK [1][-]{section.2.1}{Class Player}{chapter.2}% 15
\BOOKMARK [2][-]{subsection.2.1.1}{Declaration}{section.2.1}% 16
\BOOKMARK [2][-]{subsection.2.1.2}{Constructor summary}{section.2.1}% 17
\BOOKMARK [2][-]{subsection.2.1.3}{Method summary}{section.2.1}% 18
\BOOKMARK [2][-]{subsection.2.1.4}{Constructors}{section.2.1}% 19
\BOOKMARK [2][-]{subsection.2.1.5}{Methods}{section.2.1}% 20
\BOOKMARK [1][-]{section.2.2}{Class PlayersCatalogue}{chapter.2}% 21
\BOOKMARK [2][-]{subsection.2.2.1}{Declaration}{section.2.2}% 22
\BOOKMARK [2][-]{subsection.2.2.2}{Field summary}{section.2.2}% 23
\BOOKMARK [2][-]{subsection.2.2.3}{Constructor summary}{section.2.2}% 24
\BOOKMARK [2][-]{subsection.2.2.4}{Method summary}{section.2.2}% 25
\BOOKMARK [2][-]{subsection.2.2.5}{Fields}{section.2.2}% 26
\BOOKMARK [2][-]{subsection.2.2.6}{Constructors}{section.2.2}% 27
\BOOKMARK [2][-]{subsection.2.2.7}{Methods}{section.2.2}% 28
\BOOKMARK [1][-]{section.2.3}{Class Position}{chapter.2}% 29
\BOOKMARK [2][-]{subsection.2.3.1}{Declaration}{section.2.3}% 30
\BOOKMARK [2][-]{subsection.2.3.2}{Field summary}{section.2.3}% 31
\BOOKMARK [2][-]{subsection.2.3.3}{Method summary}{section.2.3}% 32
\BOOKMARK [2][-]{subsection.2.3.4}{Fields}{section.2.3}% 33
\BOOKMARK [2][-]{subsection.2.3.5}{Methods}{section.2.3}% 34
\BOOKMARK [2][-]{subsection.2.3.6}{Members inherited from class Enum }{section.2.3}% 35
\BOOKMARK [1][-]{section.2.4}{Class TeamConfiguration}{chapter.2}% 36
\BOOKMARK [2][-]{subsection.2.4.1}{Declaration}{section.2.4}% 37
\BOOKMARK [2][-]{subsection.2.4.2}{Constructor summary}{section.2.4}% 38
\BOOKMARK [2][-]{subsection.2.4.3}{Method summary}{section.2.4}% 39
\BOOKMARK [2][-]{subsection.2.4.4}{Constructors}{section.2.4}% 40
\BOOKMARK [2][-]{subsection.2.4.5}{Methods}{section.2.4}% 41
